<?xml version="1.0" encoding="UTF-8"?>
<testsuite name="test.HumanTest" tests="2" skipped="0" failures="0" errors="0" timestamp="2018-04-15T16:45:54" hostname="Vishakhas-Air.fritz.box" time="0.002">
  <properties/>
  <testcase name="when_PlayerSelectionIsInRange_Return_NoErrorMessage" classname="test.HumanTest" time="0.001"/>
  <testcase name="when_PlayerSelectionIsNull_ThrowException" classname="test.HumanTest" time="0.001"/>
  <system-out><![CDATA[]]></system-out>
  <system-err><![CDATA[]]></system-err>
</testsuite>
