<?xml version="1.0" encoding="UTF-8"?>
<testsuite name="test.BoardTest" tests="6" skipped="0" failures="0" errors="0" timestamp="2018-04-12T14:10:55" hostname="Vishakhas-MacBook-Air.fritz.box" time="0.023">
  <properties/>
  <testcase name="setBoardSizeGreaterThan10_EnsureErrorMessageDisplayed" classname="test.BoardTest" time="0.016"/>
  <testcase name="when_inputBoardSizeIsOfSize2_EnsureErrorMessageDisplayed" classname="test.BoardTest" time="0.001"/>
  <testcase name="setBoardSizeWithInvalidNumberEnsureInvalidNumberMessageDisplayed" classname="test.BoardTest" time="0.001"/>
  <testcase name="test" classname="test.BoardTest" time="0.004"/>
  <testcase name="setBoardSizeOf3EnsureNoErrorMessageDisplayed" classname="test.BoardTest" time="0.001"/>
  <testcase name="setBoardSizeOf10EnsureNoErrorMessageDisplayed" classname="test.BoardTest" time="0.0"/>
  <system-out><![CDATA[1,1	1,2	1,3	
2,1	2,2	2,3	
3,1	3,2	3,3	
]]></system-out>
  <system-err><![CDATA[]]></system-err>
</testsuite>
