<?xml version="1.0" encoding="UTF-8"?>
<testsuite name="test.BoardTest" tests="4" skipped="0" failures="0" errors="0" timestamp="2018-04-11T20:20:25" hostname="Vishakhas-Air.fritz.box" time="0.018">
  <properties/>
  <testcase name="when_inputBoardSizeIsOfSize2_EnsureErrorMessageDisplayed" classname="test.BoardTest" time="0.016"/>
  <testcase name="setBoardSizeWithInvalidNumberEnsureInvalidNumberMessageDisplayed" classname="test.BoardTest" time="0.001"/>
  <testcase name="setBoardSizeOf3EnsureNoErrorMessageDisplayed" classname="test.BoardTest" time="0.0"/>
  <testcase name="setBoardSizeOf10EnsureNoErrorMessageDisplayed" classname="test.BoardTest" time="0.0"/>
  <system-out><![CDATA[]]></system-out>
  <system-err><![CDATA[]]></system-err>
</testsuite>
