<?xml version="1.0" encoding="UTF-8"?>
<testsuite name="test.BoardTest" tests="3" skipped="0" failures="0" errors="0" timestamp="2018-04-15T16:45:54" hostname="Vishakhas-Air.fritz.box" time="0.017">
  <properties/>
  <testcase name="setBoardSizeGreaterThan10_EnsureErrorMessageDisplayed" classname="test.BoardTest" time="0.014"/>
  <testcase name="when_inputBoardSizeIsOfSize2_EnsureErrorMessageDisplayed" classname="test.BoardTest" time="0.001"/>
  <testcase name="setBoardSizeOf3EnsureNoErrorMessageDisplayed" classname="test.BoardTest" time="0.001"/>
  <system-out><![CDATA[]]></system-out>
  <system-err><![CDATA[]]></system-err>
</testsuite>
