<?xml version="1.0" encoding="UTF-8"?>
<testsuite name="test.MarkerTest" tests="7" skipped="0" failures="0" errors="0" timestamp="2018-04-11T20:20:25" hostname="Vishakhas-Air.fritz.box" time="0.008">
  <properties/>
  <testcase name="when_Marker1isANumber_Return_ErrorMessageDisplayed" classname="test.MarkerTest" time="0.001"/>
  <testcase name="when_Marker1orMarker2isALowerCaseAlphabet_Return_ErrorMessgaeDisplayed" classname="test.MarkerTest" time="0.0"/>
  <testcase name="when_InputDecisionIsNeitherYesorNo_Return_AskPromptAgain" classname="test.MarkerTest" time="0.001"/>
  <testcase name="when_MarkersIsCorrect_Return_NoErrorMessgae" classname="test.MarkerTest" time="0.0"/>
  <testcase name="when_InputDecisionIsNo_Return_NoErrorMessage" classname="test.MarkerTest" time="0.001"/>
  <testcase name="when_Marker2isANumber_Return_ErrorMessageDisplayed" classname="test.MarkerTest" time="0.001"/>
  <testcase name="when_BothTheMarkersAreSame_Return_ErrorMessageDisplayed" classname="test.MarkerTest" time="0.001"/>
  <system-out><![CDATA[]]></system-out>
  <system-err><![CDATA[]]></system-err>
</testsuite>
