<?xml version="1.0" encoding="UTF-8"?>
<testsuite name="test.ComputerTest" tests="1" skipped="0" failures="0" errors="0" timestamp="2018-04-15T16:45:54" hostname="Vishakhas-Air.fritz.box" time="0.001">
  <properties/>
  <testcase name="when_ListDoesNotContainSelectedElement_Return_ExpectedList" classname="test.ComputerTest" time="0.001"/>
  <system-out><![CDATA[]]></system-out>
  <system-err><![CDATA[]]></system-err>
</testsuite>
